# A fatal error has been detected by the Java Runtime Environment:
#  SIGBUS (0x7), pid=44182
#
# JRE version: OpenJDK Runtime Environment JBR-11.0.11.9-1504.13-jcef (11.0.11+9) (build 11.0.11+9-b1504.13)
# Java VM: OpenJDK 64-Bit Server VM JBR-11.0.11.9-1504.13-jcef (11.0.11+9-b1504.13, mixed mode, tiered, compressed oops, g1 gc, linux-amd64)
# V  [libjvm.so+0xc06eee]
#
Core dump will be written. Default location: Core dumps may be processed with "/usr/share/apport/apport %p %s %c %d %P %E" (or dumping to /home/jeka/git/spring-mvc/2.2.2. spring_mvc/core.44182)
# If you would like to submit a bug report, please visit:



---------------  S U M M A R Y ------------
Command Line: -Duser.timezone=UTC -Xms128m com.intellij.database.remote.RemoteJdbcServer com.mysql.cj.jdbc.Driver
Host: Ubuntu 21.04




, si_addr: 0x00007f70fe551348

Register to memory mapping:

RAX=0x00000f2467f04d84 is an unknown value
RBX=0x00007f70fe551348 points into unknown readable memory: 0x00000f2464f465e7 | e7 65 f4 64 24 0f 00 00
RCX=0x0000000000000018 is an unknown value
RDX=0x0 is NULL
RSP=0x00007f70bb889ca0 points into unknown readable memory: 0x00007f70bb889cd0 | d0 9c 88 bb 70 7f 00 00
RBP=0x00007f70bb889cb0 points into unknown readable memory: 0x00007f70bb889cd0 | d0 9c 88 bb 70 7f 00 00
RSI=0x0000000000009024 is an unknown value
RDI=0x0000000000000001 is an unknown value
R8 =0x0 is NULL
R9 =0x0000000000000032 is an unknown value
R10=0x00007ffcf3bb8080 points into unknown readable memory: 0x0000000100fd1032 | 32 10 fd 00 01 00 00 00
R11=0x00007ffcf3bb8090 points into unknown readable memory: 0xffffffffffffffff | ff ff ff ff ff ff ff ff
R12=0x00007f70f8231230 points into unknown readable memory: 0x00007f70f8231250 | 50 12 23 f8 70 7f 00 00
R13=0x0000000000000001 is an unknown value
R14=0x0000000000000001 is an unknown value
R15=0x0000000000000002 is an unknown value


Registers:
RAX=0x00000f2467f04d84, RBX=0x00007f70fe551348, RCX=0x0000000000000018, RDX=0x0000000000000000
RSP=0x00007f70bb889ca0, RBP=0x00007f70bb889cb0, RSI=0x0000000000009024, RDI=0x0000000000000001
R8 =0x0000000000000000, R9 =0x0000000000000032, R10=0x00007ffcf3bb8080, R11=0x00007ffcf3bb8090
R12=0x00007f70f8231230, R13=0x0000000000000001, R14=0x0000000000000001, R15=0x0000000000000002
RIP=0x00007f70fd871eee, EFLAGS=0x0000000000010216, CSGSFS=0x002b000000000033, ERR=0x0000000000000007
  TRAPNO=0x000000000000000e

Top of Stack: (sp=0x00007f70bb889ca0)
0x00007f70bb889ca0:   00007f70bb889cd0 0000000000000001
0x00007f70bb889cb0:   00007f70bb889cd0 00007f70fd9cab52
0x00007f70bb889cc0:   0000000000000032 00007f70fe0df200
0x00007f70bb889cd0:   00007f70bb889d20 00007f70fda3a70b 

Instructions: (pc=0x00007f70fd871eee)
0x00007f70fd871dee:   ed fd ff ff 66 0f 1f 44 00 00 8b 83 d8 00 00 00
0x00007f70fd871dfe:   a8 04 0f 84 b2 fc ff ff e9 a3 fc ff ff 0f 1f 44
0x00007f70fd871e0e:   00 00 48 8d 05 91 1c 80 00 48 8d 0d 8e 8d 35 00
0x00007f70fd871e1e:   48 8d 15 9d 8d 35 00 be 4d 01 00 00 48 8d 3d 7f
0x00007f70fd871e2e:   8c 35 00 48 8b 00 c6 00 58 31 c0 e8 e2 12 a8 ff
0x00007f70fd871e3e:   e8 ed e5 fa ff e9 94 fc ff ff 0f 1f 84 00 00 00
0x00007f70fd871e4e:   00 00 48 89 df e8 08 a7 06 00 e9 2c fc ff ff 0f
0x00007f70fd871e5e:   1f 00 48 89 df e8 f8 a6 06 00 e9 72 fd ff ff 0f
0x00007f70fd871e6e:   1f 00 48 89 df 31 db e8 56 eb 1e 00 e9 33 fb ff
0x00007f70fd871e7e:   ff 90 48 89 df ff d0 84 c0 0f 84 6f fb ff ff e9
0x00007f70fd871e8e:   d7 fd ff ff 66 0f 1f 44 00 00 48 89 df ff d0 84
0x00007f70fd871e9e:   c0 0f 84 73 fc ff ff e9 a8 fe ff ff 66 0f 1f 44
0x00007f70fd871eae:   00 00 48 89 df e8 a8 a6 06 00 e9 0e fe ff ff 0f
0x00007f70fd871ebe:   1f 00 48 89 df e8 98 a6 06 00 e9 e6 fe ff ff 0f
0x00007f70fd871ece:   1f 00 48 89 f8 48 8b 7f 38 48 85 ff 74 24 55 48
0x00007f70fd871ede:   89 e5 53 48 83 ec 08 48 8b 58 28 48 8b 07 ff 10
0x00007f70fd871eee:   48 89 03 48 83 c4 08 5b 5d c3 0f 1f 84 00 00 00
0x00007f70fd871efe:   00 00 c3 90 0f 1f 40 00 66 2e 0f 1f 84 00 00 00
0x00007f70fd871f0e:   00 00 48 8b 4f 28 48 89 f0 48 63 f2 48 8d 15 36
0x00007f70fd871f1e:   6b 35 00 48 89 c7 31 c0 48 8b 09 e9 12 68 67 ff
0x00007f70fd871f2e:   66 90 48 89 f0 48 8b 4f 28 48 63 f2 48 8d 15 d5
0x00007f70fd871f3e:   0f 32 00 48 89 c7 31 c0 e9 f5 67 67 ff 90 0f 1f
0x00007f70fd871f4e:   40 00 55 48 8d 05 90 76 7f 00 48 89 e5 41 57 41
0x00007f70fd871f5e:   56 41 55 49 89 d5 48 63 d6 41 54 41 89 f4 53 48
0x00007f70fd871f6e:   89 fb 48 83 ec 08 44 89 47 10 89 4f 14 48 89 07
0x00007f70fd871f7e:   48 8d 05 7b cc 81 00 48 c7 47 08 00 00 00 00 c6
0x00007f70fd871f8e:   47 18 00 48 c7 47 28 00 00 00 00 4c 8b 34 d0 4c
0x00007f70fd871f9e:   89 ef e8 bb 6b 67 ff 4c 89 f7 49 89 c7 e8 b0 6b
0x00007f70fd871fae:   67 ff 31 d2 be 07 00 00 00 49 8d 7c 07 02 e8 0f
0x00007f70fd871fbe:   0f 82 ff 48 89 43 08 41 83 fc 18 74 55 4c 89 f2
0x00007f70fd871fce:   48 89 c7 4c 89 e9 31 c0 48 8d 35 26 4a 34 00 e8
0x00007f70fd871fde:   8e 74 67 ff 44 89 e0 ba 56 55 55 55 f7 ea 44 89 


Stack slot to memory mapping:
stack at sp + 0 slots: 0x00007f70bb889cd0 points into unknown readable memory: 0x00007f70bb889d20 | 20 9d 88 bb 70 7f 00 00
stack at sp + 1 slots: 0x0000000000000001 is an unknown value
stack at sp + 2 slots: 0x00007f70bb889cd0 points into unknown readable memory: 0x00007f70bb889d20 | 20 9d 88 bb 70 7f 00 00
stack at sp + 3 slots: 0x00007f70fd9cab52: <offset 0x0000000000d5fb52> in /home/jeka/Programms/idea-IU-211.7628.21/jbr/lib/server/libjvm.so at 0x00007f70fcc6b000
stack at sp + 4 slots: 0x0000000000000032 is an unknown value
stack at sp + 5 slots: 0x00007f70fe0df200: <offset 0x0000000001474200> in /home/jeka/Programms/idea-IU-211.7628.21/jbr/lib/server/libjvm.so at 0x00007f70fcc6b000
stack at sp + 6 slots: 0x00007f70bb889d20 points into unknown readable memory: 0x00007f70bb889da0 | a0 9d 88 bb 70 7f 00 00
stack at sp + 7 slots: 0x00007f70fda3a70b: <offset 0x0000000000dcf70b> in /home/jeka/Programms/idea-IU-211.7628.21/jbr/lib/server/libjvm.so at 0x00007f70fcc6b000


---------------  P R O C E S S  ---------------

Threads class SMR info:
_java_thread_list=0x00007f7068003850, length=17, elements={
0x00007f70f8028800, 0x00007f70f8179000, 0x00007f70f817d000, 0x00007f70f8192800,
0x00007f70f8194000, 0x00007f70f8196800, 0x00007f70f8198800, 0x00007f70f819a800,
0x00007f70f8240800, 0x00007f70f82cb800, 0x00007f70f8362000, 0x00007f70f836b800,
0x00007f70f836e000, 0x00007f70f8372800, 0x00007f708c003800, 0x00007f7080024800,
0x00007f7090001800
}

Java Threads: ( => current thread )
  0x00007f70f8028800 JavaThread "main" [_thread_blocked, id=44185, stack(0x00007f70fca1c000,0x00007f70fcb1d000)]
  0x00007f70f8179000 JavaThread "Reference Handler" daemon [_thread_blocked, id=44194, stack(0x00007f70d844d000,0x00007f70d854e000)]
  0x00007f70f817d000 JavaThread "Finalizer" daemon [_thread_blocked, id=44195, stack(0x00007f70d834c000,0x00007f70d844d000)]
  0x00007f70f8192800 JavaThread "Signal Dispatcher" daemon [_thread_blocked, id=44196, stack(0x00007f70d824b000,0x00007f70d834c000)]
  0x00007f70f8194000 JavaThread "Service Thread" daemon [_thread_blocked, id=44197, stack(0x00007f70d814a000,0x00007f70d824b000)]
  0x00007f70f8196800 JavaThread "C2 CompilerThread0" daemon [_thread_blocked, id=44198, stack(0x00007f70d8049000,0x00007f70d814a000)]
  0x00007f70f8198800 JavaThread "C1 CompilerThread0" daemon [_thread_blocked, id=44199, stack(0x00007f70bb98c000,0x00007f70bba8d000)]
  0x00007f70f819a800 JavaThread "Sweeper thread" daemon [_thread_blocked, id=44200, stack(0x00007f70bb88b000,0x00007f70bb98c000)]
  0x00007f70f8240800 JavaThread "Common-Cleaner" daemon [_thread_blocked, id=44202, stack(0x00007f70bb688000,0x00007f70bb789000)]
  0x00007f70f82cb800 JavaThread "mysql-cj-abandoned-connection-cleanup" daemon [_thread_blocked, id=44204, stack(0x00007f70bb05d000,0x00007f70bb15e000)]
  0x00007f70f8362000 JavaThread "RMI TCP Accept-31706" daemon [_thread_in_native, id=44205, stack(0x00007f70bad59000,0x00007f70bae5a000)]
  0x00007f70f836b800 JavaThread "RMI TCP Accept-0" daemon [_thread_in_native, id=44206, stack(0x00007f70bac58000,0x00007f70bad59000)]
  0x00007f70f836e000 JavaThread "RMI Reaper" [_thread_blocked, id=44207, stack(0x00007f70bab57000,0x00007f70bac58000)]
  0x00007f70f8372800 JavaThread "RMI GC Daemon" daemon [_thread_blocked, id=44208, stack(0x00007f70ba854000,0x00007f70ba955000)]
  0x00007f708c003800 JavaThread "RMI TCP Connection(1)-127.0.0.1" daemon [_thread_in_native, id=44210, stack(0x00007f70ba452000,0x00007f70ba553000)]
  0x00007f7080024800 JavaThread "RMI Scheduler(0)" daemon [_thread_blocked, id=44211, stack(0x00007f70ba351000,0x00007f70ba452000)]
  0x00007f7090001800 JavaThread "RMI TCP Connection(2)-127.0.0.1" daemon [_thread_in_native, id=44213, stack(0x00007f70ba250000,0x00007f70ba351000)]

Other Threads:
  0x00007f70f8170800 VMThread "VM Thread" [stack: 0x00007f70d8550000,0x00007f70d8650000] [id=44193]
=>0x00007f70f8231800 WatcherThread [stack: 0x00007f70bb78b000,0x00007f70bb88b000] [id=44201]
  0x00007f70f8040800 GCTaskThread "GC Thread#0" [stack: 0x00007f70e520a000,0x00007f70e530a000] [id=44188]
  0x00007f70c8019000 GCTaskThread "GC Thread#1" [stack: 0x00007f70b9b0a000,0x00007f70b9c0a000] [id=44220]
  0x00007f70c801a800 GCTaskThread "GC Thread#2" [stack: 0x00007f70b9a08000,0x00007f70b9b08000] [id=44221]
  0x00007f70c801c800 GCTaskThread "GC Thread#3" [stack: 0x00007f70b9906000,0x00007f70b9a06000] [id=44222]
  0x00007f70f8073000 ConcurrentGCThread "G1 Main Marker" [stack: 0x00007f70dbc87000,0x00007f70dbd87000] [id=44189]
  0x00007f70f8075000 ConcurrentGCThread "G1 Conc#0" [stack: 0x00007f70dbb85000,0x00007f70dbc85000] [id=44190]
  0x00007f70d4001000 ConcurrentGCThread "G1 Conc#1" [stack: 0x00007f70b8f01000,0x00007f70b9001000] [id=44226]
  0x00007f70d4002000 ConcurrentGCThread "G1 Conc#2" [stack: 0x00007f70b8dff000,0x00007f70b8eff000] [id=44227]
  0x00007f70f810a000 ConcurrentGCThread "G1 Refine#0" [stack: 0x00007f70d9079000,0x00007f70d9179000] [id=44191]
  0x00007f70f810b800 ConcurrentGCThread "G1 Young RemSet Sampling" [stack: 0x00007f70d8f77000,0x00007f70d9077000] [id=44192]

Threads with active compile tasks:

VM state:not at safepoint (normal execution)

VM Mutex/Monitor currently owned by a thread:  ([mutex/lock_event])
[0x00007f70f8025c60] PeriodicTask_lock - owner thread: 0x00007f70f8231800

Heap address: 0x0000000082e00000, size: 2002 MB, Compressed Oops mode: 32-bit
Narrow klass base: 0x0000000000000000, Narrow klass shift: 3
Compressed class space size: 1073741824 Address: 0x0000000100000000

Heap:
 garbage-first heap   total 131072K, used 9594K [0x0000000082e00000, 0x0000000100000000)
  region size 1024K, 4 young (4096K), 0 survivors (0K)
 Metaspace       used 21563K, capacity 21947K, committed 22960K, reserved 1069056K
  class space    used 2157K, capacity 2284K, committed 2560K, reserved 1048576K
Heap Regions: E=young(eden), S=young(survivor), O=old, HS=humongous(starts), HC=humongous(continues), CS=collection set, F=free, A=archive, TAMS=top-at-mark-start (previous, next)
|   0|0x0000000082e00000, 0x0000000082f00000, 0x0000000082f00000|100%|HS|  |TAMS 0x0000000082e00000, 0x0000000082e00000| Untracked 
|   1|0x0000000082f00000, 0x0000000082fffff0, 0x0000000083000000| 99%| O|  |TAMS 0x0000000082f00000, 0x0000000082f00000| Untracked 
|   2|0x0000000083000000, 0x00000000830ffff0, 0x0000000083100000| 99%| O|  |TAMS 0x0000000083000000, 0x0000000083000000| Untracked 
|   3|0x0000000083100000, 0x00000000831ffff0, 0x0000000083200000| 99%| O|  |TAMS 0x0000000083100000, 0x0000000083100000| Untracked 
|   4|0x0000000083200000, 0x00000000832f9150, 0x0000000083300000| 97%| O|  |TAMS 0x0000000083200000, 0x0000000083200000| Untracked 
|   5|0x0000000083300000, 0x00000000833e36c8, 0x0000000083400000| 88%| O|  |TAMS 0x0000000083300000, 0x0000000083300000| Untracked 
|   6|0x0000000083400000, 0x0000000083482350, 0x0000000083500000| 50%| O|  |TAMS 0x0000000083400000, 0x0000000083400000| Untracked 
|   7|0x0000000083500000, 0x0000000083500000, 0x0000000083600000|  0%| F|  |TAMS 0x0000000083500000, 0x0000000083500000| Untracked 
|   8|0x0000000083600000, 0x0000000083600000, 0x0000000083700000|  0%| F|  |TAMS 0x0000000083600000, 0x0000000083600000| Untracked 
|   9|0x0000000083700000, 0x0000000083700000, 0x0000000083800000|  0%| F|  |TAMS 0x0000000083700000, 0x0000000083700000| Untracked 
|  10|0x0000000083800000, 0x0000000083800000, 0x0000000083900000|  0%| F|  |TAMS 0x0000000083800000, 0x0000000083800000| Untracked 
|  11|0x0000000083900000, 0x0000000083900000, 0x0000000083a00000|  0%| F|  |TAMS 0x0000000083900000, 0x0000000083900000| Untracked 
|  12|0x0000000083a00000, 0x0000000083a00000, 0x0000000083b00000|  0%| F|  |TAMS 0x0000000083a00000, 0x0000000083a00000| Untracked 
|  13|0x0000000083b00000, 0x0000000083b00000, 0x0000000083c00000|  0%| F|  |TAMS 0x0000000083b00000, 0x0000000083b00000| Untracked 
|  14|0x0000000083c00000, 0x0000000083c00000, 0x0000000083d00000|  0%| F|  |TAMS 0x0000000083c00000, 0x0000000083c00000| Untracked 
|  15|0x0000000083d00000, 0x0000000083d00000, 0x0000000083e00000|  0%| F|  |TAMS 0x0000000083d00000, 0x0000000083d00000| Untracked 
|  16|0x0000000083e00000, 0x0000000083e00000, 0x0000000083f00000|  0%| F|  |TAMS 0x0000000083e00000, 0x0000000083e00000| Untracked 
|  17|0x0000000083f00000, 0x0000000083f00000, 0x0000000084000000|  0%| F|  |TAMS 0x0000000083f00000, 0x0000000083f00000| Untracked 
|  18|0x0000000084000000, 0x0000000084000000, 0x0000000084100000|  0%| F|  |TAMS 0x0000000084000000, 0x0000000084000000| Untracked 
|  19|0x0000000084100000, 0x0000000084100000, 0x0000000084200000|  0%| F|  |TAMS 0x0000000084100000, 0x0000000084100000| Untracked 
|  20|0x0000000084200000, 0x0000000084200000, 0x0000000084300000|  0%| F|  |TAMS 0x0000000084200000, 0x0000000084200000| Untracked 
|  21|0x0000000084300000, 0x0000000084300000, 0x0000000084400000|  0%| F|  |TAMS 0x0000000084300000, 0x0000000084300000| Untracked 
|  22|0x0000000084400000, 0x0000000084400000, 0x0000000084500000|  0%| F|  |TAMS 0x0000000084400000, 0x0000000084400000| Untracked 
|  23|0x0000000084500000, 0x0000000084500000, 0x0000000084600000|  0%| F|  |TAMS 0x0000000084500000, 0x0000000084500000| Untracked 
|  24|0x0000000084600000, 0x0000000084600000, 0x0000000084700000|  0%| F|  |TAMS 0x0000000084600000, 0x0000000084600000| Untracked 
|  25|0x0000000084700000, 0x0000000084700000, 0x0000000084800000|  0%| F|  |TAMS 0x0000000084700000, 0x0000000084700000| Untracked 
|  26|0x0000000084800000, 0x0000000084800000, 0x0000000084900000|  0%| F|  |TAMS 0x0000000084800000, 0x0000000084800000| Untracked 
|  27|0x0000000084900000, 0x0000000084900000, 0x0000000084a00000|  0%| F|  |TAMS 0x0000000084900000, 0x0000000084900000| Untracked 
|  28|0x0000000084a00000, 0x0000000084a00000, 0x0000000084b00000|  0%| F|  |TAMS 0x0000000084a00000, 0x0000000084a00000| Untracked 
|  29|0x0000000084b00000, 0x0000000084b00000, 0x0000000084c00000|  0%| F|  |TAMS 0x0000000084b00000, 0x0000000084b00000| Untracked 
|  30|0x0000000084c00000, 0x0000000084c00000, 0x0000000084d00000|  0%| F|  |TAMS 0x0000000084c00000, 0x0000000084c00000| Untracked 
|  31|0x0000000084d00000, 0x0000000084d00000, 0x0000000084e00000|  0%| F|  |TAMS 0x0000000084d00000, 0x0000000084d00000| Untracked 
|  32|0x0000000084e00000, 0x0000000084e00000, 0x0000000084f00000|  0%| F|  |TAMS 0x0000000084e00000, 0x0000000084e00000| Untracked 
|  33|0x0000000084f00000, 0x0000000084f00000, 0x0000000085000000|  0%| F|  |TAMS 0x0000000084f00000, 0x0000000084f00000| Untracked 
|  34|0x0000000085000000, 0x0000000085000000, 0x0000000085100000|  0%| F|  |TAMS 0x0000000085000000, 0x0000000085000000| Untracked 
|  35|0x0000000085100000, 0x0000000085100000, 0x0000000085200000|  0%| F|  |TAMS 0x0000000085100000, 0x0000000085100000| Untracked 
|  36|0x0000000085200000, 0x0000000085200000, 0x0000000085300000|  0%| F|  |TAMS 0x0000000085200000, 0x0000000085200000| Untracked 
|  37|0x0000000085300000, 0x0000000085300000, 0x0000000085400000|  0%| F|  |TAMS 0x0000000085300000, 0x0000000085300000| Untracked 
|  38|0x0000000085400000, 0x0000000085400000, 0x0000000085500000|  0%| F|  |TAMS 0x0000000085400000, 0x0000000085400000| Untracked 
|  39|0x0000000085500000, 0x0000000085500000, 0x0000000085600000|  0%| F|  |TAMS 0x0000000085500000, 0x0000000085500000| Untracked 
|  40|0x0000000085600000, 0x0000000085600000, 0x0000000085700000|  0%| F|  |TAMS 0x0000000085600000, 0x0000000085600000| Untracked 
|  41|0x0000000085700000, 0x0000000085700000, 0x0000000085800000|  0%| F|  |TAMS 0x0000000085700000, 0x0000000085700000| Untracked 
|  42|0x0000000085800000, 0x0000000085800000, 0x0000000085900000|  0%| F|  |TAMS 0x0000000085800000, 0x0000000085800000| Untracked 
|  43|0x0000000085900000, 0x0000000085900000, 0x0000000085a00000|  0%| F|  |TAMS 0x0000000085900000, 0x0000000085900000| Untracked 
|  44|0x0000000085a00000, 0x0000000085a00000, 0x0000000085b00000|  0%| F|  |TAMS 0x0000000085a00000, 0x0000000085a00000| Untracked 
|  45|0x0000000085b00000, 0x0000000085b00000, 0x0000000085c00000|  0%| F|  |TAMS 0x0000000085b00000, 0x0000000085b00000| Untracked 
|  46|0x0000000085c00000, 0x0000000085c00000, 0x0000000085d00000|  0%| F|  |TAMS 0x0000000085c00000, 0x0000000085c00000| Untracked 
|  47|0x0000000085d00000, 0x0000000085d00000, 0x0000000085e00000|  0%| F|  |TAMS 0x0000000085d00000, 0x0000000085d00000| Untracked 
|  48|0x0000000085e00000, 0x0000000085e00000, 0x0000000085f00000|  0%| F|  |TAMS 0x0000000085e00000, 0x0000000085e00000| Untracked 
|  49|0x0000000085f00000, 0x0000000085f00000, 0x0000000086000000|  0%| F|  |TAMS 0x0000000085f00000, 0x0000000085f00000| Untracked 
|  50|0x0000000086000000, 0x0000000086000000, 0x0000000086100000|  0%| F|  |TAMS 0x0000000086000000, 0x0000000086000000| Untracked 
|  51|0x0000000086100000, 0x0000000086100000, 0x0000000086200000|  0%| F|  |TAMS 0x0000000086100000, 0x0000000086100000| Untracked 
|  52|0x0000000086200000, 0x0000000086200000, 0x0000000086300000|  0%| F|  |TAMS 0x0000000086200000, 0x0000000086200000| Untracked 
|  53|0x0000000086300000, 0x0000000086300000, 0x0000000086400000|  0%| F|  |TAMS 0x0000000086300000, 0x0000000086300000| Untracked 
|  54|0x0000000086400000, 0x0000000086400000, 0x0000000086500000|  0%| F|  |TAMS 0x0000000086400000, 0x0000000086400000| Untracked 
|  55|0x0000000086500000, 0x0000000086500000, 0x0000000086600000|  0%| F|  |TAMS 0x0000000086500000, 0x0000000086500000| Untracked 
|  56|0x0000000086600000, 0x0000000086600000, 0x0000000086700000|  0%| F|  |TAMS 0x0000000086600000, 0x0000000086600000| Untracked 
|  57|0x0000000086700000, 0x0000000086700000, 0x0000000086800000|  0%| F|  |TAMS 0x0000000086700000, 0x0000000086700000| Untracked 
|  58|0x0000000086800000, 0x0000000086800000, 0x0000000086900000|  0%| F|  |TAMS 0x0000000086800000, 0x0000000086800000| Untracked 
|  59|0x0000000086900000, 0x0000000086900000, 0x0000000086a00000|  0%| F|  |TAMS 0x0000000086900000, 0x0000000086900000| Untracked 
|  60|0x0000000086a00000, 0x0000000086a00000, 0x0000000086b00000|  0%| F|  |TAMS 0x0000000086a00000, 0x0000000086a00000| Untracked 
|  61|0x0000000086b00000, 0x0000000086b00000, 0x0000000086c00000|  0%| F|  |TAMS 0x0000000086b00000, 0x0000000086b00000| Untracked 
|  62|0x0000000086c00000, 0x0000000086c00000, 0x0000000086d00000|  0%| F|  |TAMS 0x0000000086c00000, 0x0000000086c00000| Untracked 
|  63|0x0000000086d00000, 0x0000000086d00000, 0x0000000086e00000|  0%| F|  |TAMS 0x0000000086d00000, 0x0000000086d00000| Untracked 
|  64|0x0000000086e00000, 0x0000000086e00000, 0x0000000086f00000|  0%| F|  |TAMS 0x0000000086e00000, 0x0000000086e00000| Untracked 
|  65|0x0000000086f00000, 0x0000000086f00000, 0x0000000087000000|  0%| F|  |TAMS 0x0000000086f00000, 0x0000000086f00000| Untracked 
|  66|0x0000000087000000, 0x0000000087000000, 0x0000000087100000|  0%| F|  |TAMS 0x0000000087000000, 0x0000000087000000| Untracked 
|  67|0x0000000087100000, 0x0000000087100000, 0x0000000087200000|  0%| F|  |TAMS 0x0000000087100000, 0x0000000087100000| Untracked 
|  68|0x0000000087200000, 0x0000000087200000, 0x0000000087300000|  0%| F|  |TAMS 0x0000000087200000, 0x0000000087200000| Untracked 
|  69|0x0000000087300000, 0x0000000087300000, 0x0000000087400000|  0%| F|  |TAMS 0x0000000087300000, 0x0000000087300000| Untracked 
|  70|0x0000000087400000, 0x0000000087400000, 0x0000000087500000|  0%| F|  |TAMS 0x0000000087400000, 0x0000000087400000| Untracked 
|  71|0x0000000087500000, 0x0000000087500000, 0x0000000087600000|  0%| F|  |TAMS 0x0000000087500000, 0x0000000087500000| Untracked 
|  72|0x0000000087600000, 0x0000000087600000, 0x0000000087700000|  0%| F|  |TAMS 0x0000000087600000, 0x0000000087600000| Untracked 
|  73|0x0000000087700000, 0x0000000087700000, 0x0000000087800000|  0%| F|  |TAMS 0x0000000087700000, 0x0000000087700000| Untracked 
|  74|0x0000000087800000, 0x0000000087800000, 0x0000000087900000|  0%| F|  |TAMS 0x0000000087800000, 0x0000000087800000| Untracked 
|  75|0x0000000087900000, 0x0000000087900000, 0x0000000087a00000|  0%| F|  |TAMS 0x0000000087900000, 0x0000000087900000| Untracked 
|  76|0x0000000087a00000, 0x0000000087a00000, 0x0000000087b00000|  0%| F|  |TAMS 0x0000000087a00000, 0x0000000087a00000| Untracked 
|  77|0x0000000087b00000, 0x0000000087b00000, 0x0000000087c00000|  0%| F|  |TAMS 0x0000000087b00000, 0x0000000087b00000| Untracked 
|  78|0x0000000087c00000, 0x0000000087c00000, 0x0000000087d00000|  0%| F|  |TAMS 0x0000000087c00000, 0x0000000087c00000| Untracked 
|  79|0x0000000087d00000, 0x0000000087d00000, 0x0000000087e00000|  0%| F|  |TAMS 0x0000000087d00000, 0x0000000087d00000| Untracked 
|  80|0x0000000087e00000, 0x0000000087e00000, 0x0000000087f00000|  0%| F|  |TAMS 0x0000000087e00000, 0x0000000087e00000| Untracked 
|  81|0x0000000087f00000, 0x0000000087f00000, 0x0000000088000000|  0%| F|  |TAMS 0x0000000087f00000, 0x0000000087f00000| Untracked 
|  82|0x0000000088000000, 0x0000000088000000, 0x0000000088100000|  0%| F|  |TAMS 0x0000000088000000, 0x0000000088000000| Untracked 
|  83|0x0000000088100000, 0x0000000088100000, 0x0000000088200000|  0%| F|  |TAMS 0x0000000088100000, 0x0000000088100000| Untracked 
|  84|0x0000000088200000, 0x0000000088200000, 0x0000000088300000|  0%| F|  |TAMS 0x0000000088200000, 0x0000000088200000| Untracked 
|  85|0x0000000088300000, 0x0000000088300000, 0x0000000088400000|  0%| F|  |TAMS 0x0000000088300000, 0x0000000088300000| Untracked 
|  86|0x0000000088400000, 0x0000000088400000, 0x0000000088500000|  0%| F|  |TAMS 0x0000000088400000, 0x0000000088400000| Untracked 
|  87|0x0000000088500000, 0x0000000088500000, 0x0000000088600000|  0%| F|  |TAMS 0x0000000088500000, 0x0000000088500000| Untracked 
|  88|0x0000000088600000, 0x0000000088600000, 0x0000000088700000|  0%| F|  |TAMS 0x0000000088600000, 0x0000000088600000| Untracked 
|  89|0x0000000088700000, 0x0000000088700000, 0x0000000088800000|  0%| F|  |TAMS 0x0000000088700000, 0x0000000088700000| Untracked 
|  90|0x0000000088800000, 0x0000000088800000, 0x0000000088900000|  0%| F|  |TAMS 0x0000000088800000, 0x0000000088800000| Untracked 
|  91|0x0000000088900000, 0x0000000088900000, 0x0000000088a00000|  0%| F|  |TAMS 0x0000000088900000, 0x0000000088900000| Untracked 
|  92|0x0000000088a00000, 0x0000000088a00000, 0x0000000088b00000|  0%| F|  |TAMS 0x0000000088a00000, 0x0000000088a00000| Untracked 
|  93|0x0000000088b00000, 0x0000000088b00000, 0x0000000088c00000|  0%| F|  |TAMS 0x0000000088b00000, 0x0000000088b00000| Untracked 
|  94|0x0000000088c00000, 0x0000000088c00000, 0x0000000088d00000|  0%| F|  |TAMS 0x0000000088c00000, 0x0000000088c00000| Untracked 
|  95|0x0000000088d00000, 0x0000000088d00000, 0x0000000088e00000|  0%| F|  |TAMS 0x0000000088d00000, 0x0000000088d00000| Untracked 
|  96|0x0000000088e00000, 0x0000000088e00000, 0x0000000088f00000|  0%| F|  |TAMS 0x0000000088e00000, 0x0000000088e00000| Untracked 
|  97|0x0000000088f00000, 0x0000000088f00000, 0x0000000089000000|  0%| F|  |TAMS 0x0000000088f00000, 0x0000000088f00000| Untracked 
|  98|0x0000000089000000, 0x0000000089000000, 0x0000000089100000|  0%| F|  |TAMS 0x0000000089000000, 0x0000000089000000| Untracked 
|  99|0x0000000089100000, 0x0000000089100000, 0x0000000089200000|  0%| F|  |TAMS 0x0000000089100000, 0x0000000089100000| Untracked 
| 100|0x0000000089200000, 0x0000000089200000, 0x0000000089300000|  0%| F|  |TAMS 0x0000000089200000, 0x0000000089200000| Untracked 
| 101|0x0000000089300000, 0x0000000089300000, 0x0000000089400000|  0%| F|  |TAMS 0x0000000089300000, 0x0000000089300000| Untracked 
| 102|0x0000000089400000, 0x0000000089400000, 0x0000000089500000|  0%| F|  |TAMS 0x0000000089400000, 0x0000000089400000| Untracked 
| 103|0x0000000089500000, 0x0000000089500000, 0x0000000089600000|  0%| F|  |TAMS 0x0000000089500000, 0x0000000089500000| Untracked 
| 104|0x0000000089600000, 0x0000000089600000, 0x0000000089700000|  0%| F|  |TAMS 0x0000000089600000, 0x0000000089600000| Untracked 
| 105|0x0000000089700000, 0x0000000089700000, 0x0000000089800000|  0%| F|  |TAMS 0x0000000089700000, 0x0000000089700000| Untracked 
| 106|0x0000000089800000, 0x0000000089800000, 0x0000000089900000|  0%| F|  |TAMS 0x0000000089800000, 0x0000000089800000| Untracked 
| 107|0x0000000089900000, 0x0000000089900000, 0x0000000089a00000|  0%| F|  |TAMS 0x0000000089900000, 0x0000000089900000| Untracked 
| 108|0x0000000089a00000, 0x0000000089a00000, 0x0000000089b00000|  0%| F|  |TAMS 0x0000000089a00000, 0x0000000089a00000| Untracked 
| 109|0x0000000089b00000, 0x0000000089b00000, 0x0000000089c00000|  0%| F|  |TAMS 0x0000000089b00000, 0x0000000089b00000| Untracked 
| 110|0x0000000089c00000, 0x0000000089c00000, 0x0000000089d00000|  0%| F|  |TAMS 0x0000000089c00000, 0x0000000089c00000| Untracked 
| 111|0x0000000089d00000, 0x0000000089d00000, 0x0000000089e00000|  0%| F|  |TAMS 0x0000000089d00000, 0x0000000089d00000| Untracked 
| 112|0x0000000089e00000, 0x0000000089e00000, 0x0000000089f00000|  0%| F|  |TAMS 0x0000000089e00000, 0x0000000089e00000| Untracked 
| 113|0x0000000089f00000, 0x0000000089f00000, 0x000000008a000000|  0%| F|  |TAMS 0x0000000089f00000, 0x0000000089f00000| Untracked 
| 114|0x000000008a000000, 0x000000008a000000, 0x000000008a100000|  0%| F|  |TAMS 0x000000008a000000, 0x000000008a000000| Untracked 
| 115|0x000000008a100000, 0x000000008a100000, 0x000000008a200000|  0%| F|  |TAMS 0x000000008a100000, 0x000000008a100000| Untracked 
| 116|0x000000008a200000, 0x000000008a200000, 0x000000008a300000|  0%| F|  |TAMS 0x000000008a200000, 0x000000008a200000| Untracked 
| 117|0x000000008a300000, 0x000000008a300000, 0x000000008a400000|  0%| F|  |TAMS 0x000000008a300000, 0x000000008a300000| Untracked 
| 118|0x000000008a400000, 0x000000008a400000, 0x000000008a500000|  0%| F|  |TAMS 0x000000008a400000, 0x000000008a400000| Untracked 
| 119|0x000000008a500000, 0x000000008a500000, 0x000000008a600000|  0%| F|  |TAMS 0x000000008a500000, 0x000000008a500000| Untracked 
| 120|0x000000008a600000, 0x000000008a600000, 0x000000008a700000|  0%| F|  |TAMS 0x000000008a600000, 0x000000008a600000| Untracked 
| 121|0x000000008a700000, 0x000000008a700000, 0x000000008a800000|  0%| F|  |TAMS 0x000000008a700000, 0x000000008a700000| Untracked 
| 122|0x000000008a800000, 0x000000008a800000, 0x000000008a900000|  0%| F|  |TAMS 0x000000008a800000, 0x000000008a800000| Untracked 
| 123|0x000000008a900000, 0x000000008a900000, 0x000000008aa00000|  0%| F|  |TAMS 0x000000008a900000, 0x000000008a900000| Untracked 
| 124|0x000000008aa00000, 0x000000008aaea640, 0x000000008ab00000| 91%| E|  |TAMS 0x000000008aa00000, 0x000000008aa00000| Complete 
| 125|0x000000008ab00000, 0x000000008ac00000, 0x000000008ac00000|100%| E|CS|TAMS 0x000000008ab00000, 0x000000008ab00000| Complete 
| 126|0x000000008ac00000, 0x000000008ad00000, 0x000000008ad00000|100%| E|CS|TAMS 0x000000008ac00000, 0x000000008ac00000| Complete 
| 127|0x000000008ad00000, 0x000000008ae00000, 0x000000008ae00000|100%| E|CS|TAMS 0x000000008ad00000, 0x000000008ad00000| Complete 

Card table byte_map: [0x00007f70e402c000,0x00007f70e4415000] _byte_map_base: 0x00007f70e3c15000

Marking Bits (Prev, Next): (CMBitMap*) 0x00007f70f806a320, (CMBitMap*) 0x00007f70f806a2e8
 Prev Bits: [0x00007f70dbd87000, 0x00007f70ddccf000)
 Next Bits: [0x00007f70ddccf000, 0x00007f70dfc17000)

Polling page: 0x00007f70fe556000

Metaspace:

Usage:
  Non-class:     19,20 MB capacity,    18,95 MB ( 99%) used,   217,05 KB (  1%) free+waste,    39,81 KB ( <1%) overhead. 
      Class:      2,23 MB capacity,     2,11 MB ( 94%) used,   109,26 KB (  5%) free+waste,    17,31 KB ( <1%) overhead. 
       Both:     21,43 MB capacity,    21,06 MB ( 98%) used,   326,30 KB (  1%) free+waste,    57,12 KB ( <1%) overhead. 

Virtual space:
  Non-class space:       20,00 MB reserved,      19,92 MB (>99%) committed 
      Class space:        1,00 GB reserved,       2,50 MB ( <1%) committed 
             Both:        1,02 GB reserved,      22,42 MB (  2%) committed 

Chunk freelists:
   Non-Class:  609,00 KB
       Class:  242,00 KB
        Both:  851,00 KB

MaxMetaspaceSize: unlimited
CompressedClassSpaceSize: 1,00 GB

CodeHeap 'non-profiled nmethods': size=120032Kb used=1568Kb max_used=1568Kb free=118463Kb
 bounds [0x00007f70ecebd000, 0x00007f70ed12d000, 0x00007f70f43f5000]
CodeHeap 'profiled nmethods': size=120028Kb used=5656Kb max_used=5656Kb free=114372Kb
 bounds [0x00007f70e5986000, 0x00007f70e5f16000, 0x00007f70ecebd000]
CodeHeap 'non-nmethods': size=5700Kb used=1150Kb max_used=1214Kb free=4549Kb
 bounds [0x00007f70e53f5000, 0x00007f70e5665000, 0x00007f70e5986000]
 total_blobs=3253 nmethods=2740 adapters=425
 compilation: enabled
              stopped_count=0, restarted_count=0
 full_count=0

Compilation events (20 events):
Event: 12900,364 Thread 0x00007f70f8196800 2731       4       java.util.concurrent.locks.AbstractQueuedSynchronizer::release (33 bytes)
Event: 12900,365 Thread 0x00007f70f8196800 nmethod 2731 0x00007f70ed037810 code [0x00007f70ed0379a0, 0x00007f70ed037a58]
Event: 13411,514 Thread 0x00007f70f8196800 2732       4       java.lang.ClassLoader::getResource (41 bytes)
Event: 13411,518 Thread 0x00007f70f8196800 nmethod 2732 0x00007f70ed037b10 code [0x00007f70ed037d00, 0x00007f70ed037f10]
Event: 13954,874 Thread 0x00007f70f8196800 2733       4       java.util.concurrent.TimeUnit::toNanos (45 bytes)
Event: 13954,875 Thread 0x00007f70f8196800 nmethod 2733 0x00007f70ed038190 code [0x00007f70ed038320, 0x00007f70ed0383f8]
Event: 13996,909 Thread 0x00007f70f8196800 2734       4       sun.rmi.transport.StreamRemoteCall::<init> (35 bytes)
Event: 13996,913 Thread 0x00007f70f8196800 nmethod 2734 0x00007f70ed038490 code [0x00007f70ed038620, 0x00007f70ed0388b8]
Event: 14545,962 Thread 0x00007f70f8196800 2735       4       sun.rmi.transport.StreamRemoteCall::getResultStream (86 bytes)
Event: 14546,051 Thread 0x00007f70f8196800 nmethod 2735 0x00007f70ed038910 code [0x00007f70ed038c20, 0x00007f70ed03afe0]
Event: 14546,051 Thread 0x00007f70f8196800 2736   !   4       sun.rmi.transport.StreamRemoteCall::releaseOutputStream (60 bytes)
Event: 14546,070 Thread 0x00007f70f8196800 nmethod 2736 0x00007f70ed03c310 code [0x00007f70ed03c5e0, 0x00007f70ed03dea0]
Event: 14572,965 Thread 0x00007f70f8196800 2737   !   4       java.io.ObjectOutputStream::writeSerialData (221 bytes)
Event: 14573,075 Thread 0x00007f70f8196800 nmethod 2737 0x00007f70ed03ef10 code [0x00007f70ed03f260, 0x00007f70ed042650]
Event: 15113,015 Thread 0x00007f70f8196800 2738       4       sun.rmi.transport.Transport$1::run (5 bytes)
Event: 15113,018 Thread 0x00007f70f8196800 nmethod 2738 0x00007f70ed044610 code [0x00007f70ed0447c0, 0x00007f70ed0448c8]
Event: 15113,018 Thread 0x00007f70f8196800 2739   !   4       sun.rmi.server.UnicastServerRef::logCall (59 bytes)
Event: 15113,020 Thread 0x00007f70f8196800 nmethod 2739 0x00007f70ed044a10 code [0x00007f70ed044ba0, 0x00007f70ed044c78]
Event: 15437,043 Thread 0x00007f70f8196800 2740       4       jdk.internal.reflect.DelegatingMethodAccessorImpl::invoke (10 bytes)
Event: 15437,044 Thread 0x00007f70f8196800 nmethod 2740 0x00007f70ed044d90 code [0x00007f70ed044f20, 0x00007f70ed044fb8]

GC Heap History (14 events):
Event: 0,635 GC heap before
{Heap before GC invocations=0 (full 0):
 garbage-first heap   total 131072K, used 24576K [0x0000000082e00000, 0x0000000100000000)
  region size 1024K, 24 young (24576K), 0 survivors (0K)
 Metaspace       used 15549K, capacity 16098K, committed 16256K, reserved 1062912K
  class space    used 1657K, capacity 1875K, committed 1920K, reserved 1048576K
}
Event: 0,640 GC heap after
{Heap after GC invocations=1 (full 0):
 garbage-first heap   total 131072K, used 6141K [0x0000000082e00000, 0x0000000100000000)
  region size 1024K, 3 young (3072K), 3 survivors (3072K)
 Metaspace       used 15549K, capacity 16098K, committed 16256K, reserved 1062912K
  class space    used 1657K, capacity 1875K, committed 1920K, reserved 1048576K
}
Event: 1,239 GC heap before
{Heap before GC invocations=1 (full 0):
 garbage-first heap   total 131072K, used 17405K [0x0000000082e00000, 0x0000000100000000)
  region size 1024K, 15 young (15360K), 3 survivors (3072K)
 Metaspace       used 20580K, capacity 21144K, committed 21296K, reserved 1069056K
  class space    used 2193K, capacity 2416K, committed 2432K, reserved 1048576K
}
Event: 1,244 GC heap after
{Heap after GC invocations=2 (full 0):
 garbage-first heap   total 131072K, used 7351K [0x0000000082e00000, 0x0000000100000000)
  region size 1024K, 5 young (5120K), 5 survivors (5120K)
 Metaspace       used 20580K, capacity 21144K, committed 21296K, reserved 1069056K
  class space    used 2193K, capacity 2416K, committed 2432K, reserved 1048576K
}
Event: 1,265 GC heap before
{Heap before GC invocations=3 (full 0):
 garbage-first heap   total 131072K, used 8375K [0x0000000082e00000, 0x0000000100000000)
  region size 1024K, 6 young (6144K), 5 survivors (5120K)
 Metaspace       used 20779K, capacity 21374K, committed 21680K, reserved 1069056K
  class space    used 2227K, capacity 2449K, committed 2560K, reserved 1048576K
}
Event: 1,270 GC heap after
{Heap after GC invocations=4 (full 0):
 garbage-first heap   total 131072K, used 7752K [0x0000000082e00000, 0x0000000100000000)
  region size 1024K, 1 young (1024K), 1 survivors (1024K)
 Metaspace       used 20779K, capacity 21374K, committed 21680K, reserved 1069056K
  class space    used 2227K, capacity 2449K, committed 2560K, reserved 1048576K
}
Event: 3601,270 GC heap before
{Heap before GC invocations=4 (full 0):
 garbage-first heap   total 131072K, used 36424K [0x0000000082e00000, 0x0000000100000000)
  region size 1024K, 30 young (30720K), 1 survivors (1024K)
 Metaspace       used 22071K, capacity 22747K, committed 22960K, reserved 1069056K
  class space    used 2282K, capacity 2526K, committed 2560K, reserved 1048576K
}
Event: 3601,290 GC heap after
{Heap after GC invocations=5 (full 1):
 garbage-first heap   total 131072K, used 7341K [0x0000000082e00000, 0x0000000100000000)
  region size 1024K, 0 young (0K), 0 survivors (0K)
 Metaspace       used 22071K, capacity 22747K, committed 22960K, reserved 1069056K
  class space    used 2282K, capacity 2526K, committed 2560K, reserved 1048576K
}
Event: 7201,291 GC heap before
{Heap before GC invocations=5 (full 1):
 garbage-first heap   total 131072K, used 14509K [0x0000000082e00000, 0x0000000100000000)
  region size 1024K, 8 young (8192K), 0 survivors (0K)
 Metaspace       used 22080K, capacity 22747K, committed 22960K, reserved 1069056K
  class space    used 2282K, capacity 2526K, committed 2560K, reserved 1048576K
}
Event: 7201,312 GC heap after
{Heap after GC invocations=6 (full 2):
 garbage-first heap   total 131072K, used 6549K [0x0000000082e00000, 0x0000000100000000)
  region size 1024K, 0 young (0K), 0 survivors (0K)
 Metaspace       used 21563K, capacity 21947K, committed 22960K, reserved 1069056K
  class space    used 2157K, capacity 2284K, committed 2560K, reserved 1048576K
}
Event: 10801,312 GC heap before
{Heap before GC invocations=6 (full 2):
 garbage-first heap   total 131072K, used 11669K [0x0000000082e00000, 0x0000000100000000)
  region size 1024K, 6 young (6144K), 0 survivors (0K)
 Metaspace       used 21563K, capacity 21947K, committed 22960K, reserved 1069056K
  class space    used 2157K, capacity 2284K, committed 2560K, reserved 1048576K
}
Event: 10801,329 GC heap after
{Heap after GC invocations=7 (full 3):
 garbage-first heap   total 131072K, used 6521K [0x0000000082e00000, 0x0000000100000000)
  region size 1024K, 0 young (0K), 0 survivors (0K)
 Metaspace       used 21563K, capacity 21947K, committed 22960K, reserved 1069056K
  class space    used 2157K, capacity 2284K, committed 2560K, reserved 1048576K
}
Event: 14401,330 GC heap before
{Heap before GC invocations=7 (full 3):
 garbage-first heap   total 131072K, used 11641K [0x0000000082e00000, 0x0000000100000000)
  region size 1024K, 6 young (6144K), 0 survivors (0K)
 Metaspace       used 21563K, capacity 21947K, committed 22960K, reserved 1069056K
  class space    used 2157K, capacity 2284K, committed 2560K, reserved 1048576K
}
Event: 14401,348 GC heap after
{Heap after GC invocations=8 (full 4):
 garbage-first heap   total 131072K, used 6522K [0x0000000082e00000, 0x0000000100000000)
  region size 1024K, 0 young (0K), 0 survivors (0K)
 Metaspace       used 21563K, capacity 21947K, committed 22960K, reserved 1069056K
  class space    used 2157K, capacity 2284K, committed 2560K, reserved 1048576K
}

Deoptimization events (20 events):
Event: 2,130 Thread 0x00007f7090001800 DEOPT PACKING pc=0x00007f70ecef0bf0 sp=0x00007f70ba33ae90
Event: 2,130 Thread 0x00007f7090001800 DEOPT UNPACKING pc=0x00007f70e541a625 sp=0x00007f70ba33ae38 mode 2
Event: 5,180 Thread 0x00007f70f82cb800 Uncommon trap: trap_request=0xffffff4d fr.pc=0x00007f70ecf18fbc relative=0x00000000000009dc
Event: 5,180 Thread 0x00007f70f82cb800 Uncommon trap: reason=unstable_if action=reinterpret pc=0x00007f70ecf18fbc method=java.util.zip.ZipFile$Source.getEntryPos([BZ)I @ 145 c2
Event: 5,180 Thread 0x00007f70f82cb800 DEOPT PACKING pc=0x00007f70ecf18fbc sp=0x00007f70bb15c290
Event: 5,180 Thread 0x00007f70f82cb800 DEOPT UNPACKING pc=0x00007f70e541a625 sp=0x00007f70bb15c238 mode 2
Event: 5,769 Thread 0x00007f7090001800 Uncommon trap: trap_request=0xffffff4d fr.pc=0x00007f70ecf239c0 relative=0x00000000000000a0
Event: 5,769 Thread 0x00007f7090001800 Uncommon trap: reason=unstable_if action=reinterpret pc=0x00007f70ecf239c0 method=java.lang.CharacterDataLatin1.digit(II)I @ 12 c2
Event: 5,769 Thread 0x00007f7090001800 DEOPT PACKING pc=0x00007f70ecf239c0 sp=0x00007f70ba34b710
Event: 5,769 Thread 0x00007f7090001800 DEOPT UNPACKING pc=0x00007f70e541a625 sp=0x00007f70ba34b5e8 mode 2
Event: 5,794 Thread 0x00007f7090001800 DEOPT PACKING pc=0x00007f70e5d253b7 sp=0x00007f70ba34a770
Event: 5,794 Thread 0x00007f7090001800 DEOPT UNPACKING pc=0x00007f70e541adca sp=0x00007f70ba349ca0 mode 0
Event: 5,890 Thread 0x00007f7090001800 DEOPT PACKING pc=0x00007f70e5e2e34f sp=0x00007f70ba34ba40
Event: 5,890 Thread 0x00007f7090001800 DEOPT UNPACKING pc=0x00007f70e541adca sp=0x00007f70ba34aee8 mode 0
Event: 5,906 Thread 0x00007f7090001800 DEOPT PACKING pc=0x00007f70e5e2e34f sp=0x00007f70ba34baa0
Event: 5,906 Thread 0x00007f7090001800 DEOPT UNPACKING pc=0x00007f70e541adca sp=0x00007f70ba34af48 mode 0
Event: 5,974 Thread 0x00007f7090001800 DEOPT PACKING pc=0x00007f70e5e2e34f sp=0x00007f70ba34baa0
Event: 5,974 Thread 0x00007f7090001800 DEOPT UNPACKING pc=0x00007f70e541adca sp=0x00007f70ba34af48 mode 0
Event: 2151,588 Thread 0x00007f708c003800 DEOPT PACKING pc=0x00007f70e5cedb9b sp=0x00007f70ba54def0
Event: 2151,588 Thread 0x00007f708c003800 DEOPT UNPACKING pc=0x00007f70e541adca sp=0x00007f70ba54d328 mode 0

Classes redefined (0 events):
No events

Internal exceptions (20 events):
Event: 0,315 Thread 0x00007f70f8028800 Exception <a 'java/lang/NoSuchMethodError'{0x000000008a4099e0}: 'java.lang.Object java.lang.invoke.Invokers$Holder.linkToTargetMethod(java.lang.Object, long, java.lang.Object)'> (0x000000008a4099e0) thrown at [src/hotspot/share/interpreter/linkResolver.cpp, line 773]
Event: 0,323 Thread 0x00007f708c003800 Exception <a 'java/lang/NoSuchMethodError'{0x000000008a4cdc60}: 'java.lang.Object java.lang.invoke.DelegatingMethodHandle$Holder.reinvoke_L(java.lang.Object, int, java.lang.Object)'> (0x000000008a4cdc60) thrown at [src/hotspot/share/interpreter/linkResolver.cpp, line 773]
Event: 0,358 Thread 0x00007f7090001800 Exception <a 'java/lang/NoSuchMethodError'{0x000000008a21dbe8}: <clinit>> (0x000000008a21dbe8) thrown at [src/hotspot/share/prims/jni.cpp, line 1362]
Event: 0,445 Thread 0x00007f7090001800 Exception <a 'java/lang/NoSuchMethodError'{0x000000008a025478}: 'int java.lang.invoke.DirectMethodHandle$Holder.invokeSpecialIFC(java.lang.Object, java.lang.Object, int)'> (0x000000008a025478) thrown at [src/hotspot/share/interpreter/linkResolver.cpp, line 773]
Event: 0,482 Thread 0x00007f7090001800 Exception <a 'java/lang/NoSuchMethodError'{0x0000000089f20c70}: 'java.lang.Object java.lang.invoke.DirectMethodHandle$Holder.invokeVirtual(java.lang.Object, java.lang.Object, java.lang.Object)'> (0x0000000089f20c70) thrown at [src/hotspot/share/interpreter/linkResolver.cpp, line 773]
Event: 0,543 Thread 0x00007f7090001800 Exception <a 'java/lang/NoSuchMethodError'{0x0000000089b85d90}: 'void java.lang.invoke.DirectMethodHandle$Holder.invokeStaticInit(java.lang.Object, java.lang.Object)'> (0x0000000089b85d90) thrown at [src/hotspot/share/interpreter/linkResolver.cpp, line 773]
Event: 0,604 Thread 0x00007f7090001800 Exception <a 'java/lang/NoSuchMethodError'{0x000000008989d588}: 'int java.lang.invoke.DirectMethodHandle$Holder.invokeStaticInit(java.lang.Object, java.lang.Object, java.lang.Object, java.lang.Object)'> (0x000000008989d588) thrown at [src/hotspot/share/interpreter/linkResolver.cpp, line 773]
Event: 0,605 Thread 0x00007f7090001800 Exception <a 'java/lang/IncompatibleClassChangeError'{0x00000000898a67b8}: Found class java.lang.Object, but interface was expected> (0x00000000898a67b8) thrown at [src/hotspot/share/interpreter/linkResolver.cpp, line 839]
Event: 0,605 Thread 0x00007f7090001800 Exception <a 'java/lang/NoSuchMethodError'{0x00000000898abd58}: 'int java.lang.invoke.DirectMethodHandle$Holder.invokeStaticInit(java.lang.Object, java.lang.Object)'> (0x00000000898abd58) thrown at [src/hotspot/share/interpreter/linkResolver.cpp, line 773]
Event: 1,102 Thread 0x00007f7090001800 Implicit null exception at 0x00007f70ecef71f4 to 0x00007f70ecef7764
Event: 1,102 Thread 0x00007f7090001800 Implicit null exception at 0x00007f70ecef66f4 to 0x00007f70ecef6c88
Event: 1,275 Thread 0x00007f7090001800 Exception <a 'java/lang/NoSuchMethodError'{0x000000008ad36578}: <clinit>> (0x000000008ad36578) thrown at [src/hotspot/share/prims/jni.cpp, line 1362]
Event: 1,276 Thread 0x00007f7090001800 Exception <a 'java/lang/NoSuchMethodError'{0x000000008ad42fd0}: <clinit>> (0x000000008ad42fd0) thrown at [src/hotspot/share/prims/jni.cpp, line 1362]
Event: 1,342 Thread 0x00007f7090001800 Exception <a 'java/lang/NoSuchMethodError'{0x000000008abb9f40}: <clinit>> (0x000000008abb9f40) thrown at [src/hotspot/share/prims/jni.cpp, line 1362]
Event: 1,342 Thread 0x00007f7090001800 Exception <a 'java/lang/NoSuchMethodError'{0x000000008abc5070}: <clinit>> (0x000000008abc5070) thrown at [src/hotspot/share/prims/jni.cpp, line 1362]
Event: 1,343 Thread 0x00007f7090001800 Exception <a 'java/lang/NoSuchMethodError'{0x000000008abcfe78}: <clinit>> (0x000000008abcfe78) thrown at [src/hotspot/share/prims/jni.cpp, line 1362]
Event: 1,456 Thread 0x00007f7090001800 Exception <a 'java/lang/NoSuchMethodError'{0x000000008aa39f58}: <clinit>> (0x000000008aa39f58) thrown at [src/hotspot/share/prims/jni.cpp, line 1362]
Event: 1,531 Thread 0x00007f7090001800 Exception <a 'java/lang/NoSuchMethodError'{0x000000008a9adfa8}: <clinit>> (0x000000008a9adfa8) thrown at [src/hotspot/share/prims/jni.cpp, line 1362]
Event: 2,130 Thread 0x00007f7090001800 Exception <a 'java/net/SocketException'{0x000000008a25b818}> (0x000000008a25b818) thrown at [src/hotspot/share/prims/jni.cpp, line 615]
Event: 6,078 Thread 0x00007f7090001800 Exception <a 'java/net/SocketException'{0x00000000896139b8}> (0x00000000896139b8) thrown at [src/hotspot/share/prims/jni.cpp, line 615]

Events (20 events):
Event: 6,746 Thread 0x00007f7078064800 Thread exited: 0x00007f7078064800
Event: 6,746 Executing VM operation: RevokeBias
Event: 6,746 Executing VM operation: RevokeBias done
Event: 6,746 Thread 0x00007f70782fb800 Thread exited: 0x00007f70782fb800
Event: 8,390 Thread 0x00007f7078064800 Thread added: 0x00007f7078064800
Event: 8,390 Protecting memory [0x00007f70ba553000,0x00007f70ba557000] with protection modes 0
Event: 8,391 Executing VM operation: RevokeBias
Event: 8,391 Executing VM operation: RevokeBias done
Event: 8,391 Thread 0x00007f7078064800 Thread exited: 0x00007f7078064800
Event: 30,360 loading class sun/net/ResourceManager
Event: 30,360 loading class sun/net/ResourceManager done
Event: 90,360 Thread 0x00007f7090003000 Thread exited: 0x00007f7090003000
Event: 3601,270 Executing VM operation: G1CollectFull
Event: 3601,290 Executing VM operation: G1CollectFull done
Event: 7201,290 Executing VM operation: G1CollectFull
Event: 7201,312 Executing VM operation: G1CollectFull done
Event: 10801,312 Executing VM operation: G1CollectFull
Event: 10801,330 Executing VM operation: G1CollectFull done
Event: 14401,330 Executing VM operation: G1CollectFull
Event: 14401,348 Executing VM operation: G1CollectFull done


Dynamic libraries:
82e00000-8ae00000 rw-p 00000000 00:00 0 
8ae00000-100000000 ---p 00000000 00:00 0 
100000000-100280000 rw-p 00000000 00:00 0 
100280000-140000000 ---p 00000000 00:00 0 
55ce7d000000-55ce7d001000 r-xp 00000000 00:1b 93229                      /home/jeka/Programms/idea-IU-211.7628.21/jbr/bin/java
55ce7d201000-55ce7d202000 r--p 00001000 00:1b 93229                      /home/jeka/Programms/idea-IU-211.7628.21/jbr/bin/java
55ce7d202000-55ce7d203000 rw-p 00002000 00:1b 93229                      /home/jeka/Programms/idea-IU-211.7628.21/jbr/bin/java
55ce7ea88000-55ce7eaa9000 rw-p 00000000 00:00 0                          [heap]
7f705c000000-7f705c021000 rw-p 00000000 00:00 0 
7f705c021000-7f7060000000 ---p 00000000 00:00 0 
7f7060000000-7f7060021000 rw-p 00000000 00:00 0 
7f7060021000-7f7064000000 ---p 00000000 00:00 0 
7f7064000000-7f7064021000 rw-p 00000000 00:00 0 
7f7064021000-7f7068000000 ---p 00000000 00:00 0 
7f7068000000-7f7068021000 rw-p 00000000 00:00 0 
7f7068021000-7f706c000000 ---p 00000000 00:00 0 
7f706c000000-7f706c021000 rw-p 00000000 00:00 0 
7f706c021000-7f7070000000 ---p 00000000 00:00 0 
7f7070000000-7f7070021000 rw-p 00000000 00:00 0 
7f7070021000-7f7074000000 ---p 00000000 00:00 0 
7f7074000000-7f7074023000 rw-p 00000000 00:00 0 
7f7074023000-7f7078000000 ---p 00000000 00:00 0 
7f7078000000-7f7078313000 rw-p 00000000 00:00 0 
7f7078313000-7f707c000000 ---p 00000000 00:00 0 
7f707c000000-7f707c540000 rw-p 00000000 00:00 0 
7f707c540000-7f7080000000 ---p 00000000 00:00 0 
7f7080000000-7f7080030000 rw-p 00000000 00:00 0 
7f7080030000-7f7084000000 ---p 00000000 00:00 0 
7f7084000000-7f7084021000 rw-p 00000000 00:00 0 
7f7084021000-7f7088000000 ---p 00000000 00:00 0 
7f7088000000-7f7088021000 rw-p 00000000 00:00 0 
7f7088021000-7f708c000000 ---p 00000000 00:00 0 
7f708c000000-7f708c021000 rw-p 00000000 00:00 0 
7f708c021000-7f7090000000 ---p 00000000 00:00 0 
7f7090000000-7f7090021000 rw-p 00000000 00:00 0 
7f7090021000-7f7094000000 ---p 00000000 00:00 0 
7f7094000000-7f70961a9000 rw-p 00000000 00:00 0 
7f70961a9000-7f7098000000 ---p 00000000 00:00 0 
7f7098000000-7f7098021000 rw-p 00000000 00:00 0 
7f7098021000-7f709c000000 ---p 00000000 00:00 0 
7f709c000000-7f709c156000 rw-p 00000000 00:00 0 
7f709c156000-7f70a0000000 ---p 00000000 00:00 0 
7f70a0000000-7f70a0021000 rw-p 00000000 00:00 0 
7f70a0021000-7f70a4000000 ---p 00000000 00:00 0 
7f70a4000000-7f70a46e4000 rw-p 00000000 00:00 0 
7f70a46e4000-7f70a8000000 ---p 00000000 00:00 0 
7f70a8000000-7f70a8021000 rw-p 00000000 00:00 0 
7f70a8021000-7f70ac000000 ---p 00000000 00:00 0 
7f70ac000000-7f70ac021000 rw-p 00000000 00:00 0 
7f70ac021000-7f70b0000000 ---p 00000000 00:00 0 
7f70b0000000-7f70b268f000 rw-p 00000000 00:00 0 
7f70b268f000-7f70b4000000 ---p 00000000 00:00 0 
7f70b4000000-7f70b4021000 rw-p 00000000 00:00 0 
7f70b4021000-7f70b8000000 ---p 00000000 00:00 0 
7f70b8b5f000-7f70b8dcf000 rw-p 00000000 00:00 0 
7f70b8dcf000-7f70b8dfd000 r--p 00000000 00:1b 217417                     /usr/share/locale-langpack/ru/LC_MESSAGES/libc.mo
7f70b8dfd000-7f70b8dfe000 ---p 00000000 00:00 0 
7f70b8dfe000-7f70b8eff000 rw-p 00000000 00:00 0 
7f70b8eff000-7f70b8f00000 ---p 00000000 00:00 0 
7f70b8f00000-7f70b9001000 rw-p 00000000 00:00 0 
7f70b9001000-7f70b9005000 ---p 00000000 00:00 0 
7f70b9005000-7f70b9102000 rw-p 00000000 00:00 0 
7f70b9102000-7f70b9106000 ---p 00000000 00:00 0 
7f70b9106000-7f70b9203000 rw-p 00000000 00:00 0 
7f70b9203000-7f70b9207000 ---p 00000000 00:00 0 
7f70b9207000-7f70b94f0000 rw-p 00000000 00:00 0 
7f70b94f0000-7f70b9504000 ---p 00000000 00:00 0 
7f70b9504000-7f70b9704000 rw-p 00000000 00:00 0 
7f70b9704000-7f70b9904000 rw-p 00000000 00:00 0 
7f70b9904000-7f70b9905000 ---p 00000000 00:00 0 
7f70b9905000-7f70b9a06000 rw-p 00000000 00:00 0 
7f70b9a06000-7f70b9a07000 ---p 00000000 00:00 0 
7f70b9a07000-7f70b9b08000 rw-p 00000000 00:00 0 
7f70b9b08000-7f70b9b09000 ---p 00000000 00:00 0 
7f70b9b09000-7f70b9c0a000 rw-p 00000000 00:00 0 
7f70b9c0a000-7f70b9c4a000 r-xp 00000000 00:1b 10415                      /home/jeka/Programms/idea-IU-211.7628.21/jbr/lib/libsunec.so
7f70b9c4a000-7f70b9e49000 ---p 00040000 00:1b 10415                      /home/jeka/Programms/idea-IU-211.7628.21/jbr/lib/libsunec.so
7f70b9e49000-7f70b9e4e000 r--p 0003f000 00:1b 10415                      /home/jeka/Programms/idea-IU-211.7628.21/jbr/lib/libsunec.so
7f70b9e4e000-7f70b9e50000 rw-p 00044000 00:1b 10415                      /home/jeka/Programms/idea-IU-211.7628.21/jbr/lib/libsunec.so
7f70b9e50000-7f70ba050000 rw-p 00000000 00:00 0 
7f70ba050000-7f70ba250000 rw-p 00000000 00:00 0 
7f70ba250000-7f70ba254000 ---p 00000000 00:00 0 
7f70ba254000-7f70ba351000 rw-p 00000000 00:00 0 
7f70ba351000-7f70ba355000 ---p 00000000 00:00 0 
7f70ba355000-7f70ba452000 rw-p 00000000 00:00 0 
7f70ba452000-7f70ba456000 ---p 00000000 00:00 0 
7f70ba456000-7f70ba553000 rw-p 00000000 00:00 0 
7f70ba553000-7f70ba557000 ---p 00000000 00:00 0 
7f70ba557000-7f70ba854000 rw-p 00000000 00:00 0 
7f70ba854000-7f70ba858000 ---p 00000000 00:00 0 
7f70ba858000-7f70ba955000 rw-p 00000000 00:00 0 
7f70ba955000-7f70ba956000 r-xp 00000000 00:1b 10411                      /home/jeka/Programms/idea-IU-211.7628.21/jbr/lib/librmi.so
7f70ba956000-7f70bab55000 ---p 00001000 00:1b 10411                      /home/jeka/Programms/idea-IU-211.7628.21/jbr/lib/librmi.so
7f70bab55000-7f70bab56000 r--p 00000000 00:1b 10411                      /home/jeka/Programms/idea-IU-211.7628.21/jbr/lib/librmi.so
7f70bab56000-7f70bab57000 rw-p 00000000 00:00 0 
7f70bab57000-7f70bab5b000 ---p 00000000 00:00 0 
7f70bab5b000-7f70bac58000 rw-p 00000000 00:00 0 
7f70bac58000-7f70bac5c000 ---p 00000000 00:00 0 
7f70bac5c000-7f70bad59000 rw-p 00000000 00:00 0 
7f70bad59000-7f70bad5d000 ---p 00000000 00:00 0 
7f70bad5d000-7f70bae5a000 rw-p 00000000 00:00 0 
7f70bae5a000-7f70bae5c000 r-xp 00000000 00:1b 10379                      /home/jeka/Programms/idea-IU-211.7628.21/jbr/lib/libextnet.so
7f70bae5c000-7f70bb05b000 ---p 00002000 00:1b 10379                      /home/jeka/Programms/idea-IU-211.7628.21/jbr/lib/libextnet.so
7f70bb05b000-7f70bb05c000 r--p 00001000 00:1b 10379                      /home/jeka/Programms/idea-IU-211.7628.21/jbr/lib/libextnet.so
7f70bb05c000-7f70bb05d000 rw-p 00000000 00:00 0 
7f70bb05d000-7f70bb061000 ---p 00000000 00:00 0 
7f70bb061000-7f70bb15e000 rw-p 00000000 00:00 0 
7f70bb15e000-7f70bb162000 ---p 00000000 00:00 0 
7f70bb162000-7f70bb25f000 rw-p 00000000 00:00 0 
7f70bb25f000-7f70bb275000 r-xp 00000000 00:1b 93248                      /home/jeka/Programms/idea-IU-211.7628.21/jbr/lib/libnet.so
7f70bb275000-7f70bb475000 ---p 00016000 00:1b 93248                      /home/jeka/Programms/idea-IU-211.7628.21/jbr/lib/libnet.so
7f70bb475000-7f70bb476000 r--p 00016000 00:1b 93248                      /home/jeka/Programms/idea-IU-211.7628.21/jbr/lib/libnet.so
7f70bb476000-7f70bb477000 rw-p 00017000 00:1b 93248                      /home/jeka/Programms/idea-IU-211.7628.21/jbr/lib/libnet.so
7f70bb477000-7f70bb487000 r-xp 00000000 00:1b 93260                      /home/jeka/Programms/idea-IU-211.7628.21/jbr/lib/libnio.so
7f70bb487000-7f70bb686000 ---p 00010000 00:1b 93260                      /home/jeka/Programms/idea-IU-211.7628.21/jbr/lib/libnio.so
7f70bb686000-7f70bb687000 r--p 0000f000 00:1b 93260                      /home/jeka/Programms/idea-IU-211.7628.21/jbr/lib/libnio.so
7f70bb687000-7f70bb688000 rw-p 00010000 00:1b 93260                      /home/jeka/Programms/idea-IU-211.7628.21/jbr/lib/libnio.so
7f70bb688000-7f70bb68c000 ---p 00000000 00:00 0 
7f70bb68c000-7f70bb789000 rw-p 00000000 00:00 0 
7f70bb789000-7f70bb78a000 ---p 00000000 00:00 0 
7f70bb78a000-7f70bb88b000 rw-p 00000000 00:00 0 
7f70bb88b000-7f70bb88f000 ---p 00000000 00:00 0 
7f70bb88f000-7f70bb98c000 rw-p 00000000 00:00 0 
7f70bb98c000-7f70bb990000 ---p 00000000 00:00 0 
7f70bb990000-7f70bba8d000 rw-p 00000000 00:00 0 
7f70bba8d000-7f70bc000000 r--p 00000000 00:1b 12070                      /usr/lib/locale/locale-archive
7f70bc000000-7f70bc021000 rw-p 00000000 00:00 0 
7f70bc021000-7f70c0000000 ---p 00000000 00:00 0 
7f70c0000000-7f70c0021000 rw-p 00000000 00:00 0 
7f70c0021000-7f70c4000000 ---p 00000000 00:00 0 
7f70c4000000-7f70c4021000 rw-p 00000000 00:00 0 
7f70c4021000-7f70c8000000 ---p 00000000 00:00 0 
7f70c8000000-7f70c897a000 rw-p 00000000 00:00 0 
7f70c897a000-7f70cc000000 ---p 00000000 00:00 0 
7f70cc000000-7f70cc021000 rw-p 00000000 00:00 0 
7f70cc021000-7f70d0000000 ---p 00000000 00:00 0 
7f70d0000000-7f70d0021000 rw-p 00000000 00:00 0 
7f70d0021000-7f70d4000000 ---p 00000000 00:00 0 
7f70d4000000-7f70d4021000 rw-p 00000000 00:00 0 
7f70d4021000-7f70d8000000 ---p 00000000 00:00 0 
7f70d8018000-7f70d8049000 rw-p 00000000 00:00 0 
7f70d8049000-7f70d804d000 ---p 00000000 00:00 0 
7f70d804d000-7f70d814a000 rw-p 00000000 00:00 0 
7f70d814a000-7f70d814e000 ---p 00000000 00:00 0 
7f70d814e000-7f70d824b000 rw-p 00000000 00:00 0 
7f70d824b000-7f70d824f000 ---p 00000000 00:00 0 
7f70d824f000-7f70d834c000 rw-p 00000000 00:00 0 
7f70d834c000-7f70d8350000 ---p 00000000 00:00 0 
7f70d8350000-7f70d844d000 rw-p 00000000 00:00 0 
7f70d844d000-7f70d8451000 ---p 00000000 00:00 0 
7f70d8451000-7f70d854e000 rw-p 00000000 00:00 0 
7f70d854e000-7f70d854f000 ---p 00000000 00:00 0 
7f70d854f000-7f70d8f54000 rw-p 00000000 00:00 0 
7f70d8f54000-7f70d8f75000 rw-p 00000000 00:00 0 
7f70d8f75000-7f70d8f76000 ---p 00000000 00:00 0 
7f70d8f76000-7f70d9077000 rw-p 00000000 00:00 0 
7f70d9077000-7f70d9078000 ---p 00000000 00:00 0 
7f70d9078000-7f70dbb83000 rw-p 00000000 00:00 0 
7f70dbb83000-7f70dbb84000 ---p 00000000 00:00 0 
7f70dbb84000-7f70dbc85000 rw-p 00000000 00:00 0 
7f70dbc85000-7f70dbc86000 ---p 00000000 00:00 0 
7f70dbc86000-7f70dbf87000 rw-p 00000000 00:00 0 
7f70dbf87000-7f70ddccf000 ---p 00000000 00:00 0 
7f70ddccf000-7f70ddecf000 rw-p 00000000 00:00 0 
7f70ddecf000-7f70dfc17000 ---p 00000000 00:00 0 
7f70dfc17000-7f70dfc57000 rw-p 00000000 00:00 0 
7f70dfc57000-7f70e0000000 ---p 00000000 00:00 0 
7f70e0000000-7f70e0021000 rw-p 00000000 00:00 0 
7f70e0021000-7f70e4000000 ---p 00000000 00:00 0 
7f70e400b000-7f70e406c000 rw-p 00000000 00:00 0 
7f70e406c000-7f70e4415000 ---p 00000000 00:00 0 
7f70e4415000-7f70e4455000 rw-p 00000000 00:00 0 
7f70e4455000-7f70e47fe000 ---p 00000000 00:00 0 
7f70e47fe000-7f70e5208000 rw-p 00000000 00:00 0 
7f70e5208000-7f70e5209000 ---p 00000000 00:00 0 
7f70e5209000-7f70e530f000 rw-p 00000000 00:00 0 
7f70e530f000-7f70e53f5000 ---p 00000000 00:00 0 
7f70e53f5000-7f70e5665000 rwxp 00000000 00:00 0 
7f70e5665000-7f70e5986000 ---p 00000000 00:00 0 
7f70e5986000-7f70e5f16000 rwxp 00000000 00:00 0 
7f70e5f16000-7f70ecebd000 ---p 00000000 00:00 0 
7f70ecebd000-7f70ed12d000 rwxp 00000000 00:00 0 
7f70ed12d000-7f70f43f5000 ---p 00000000 00:00 0 
7f70f43f5000-7f70f8000000 r--s 00000000 00:1b 93273                      /home/jeka/Programms/idea-IU-211.7628.21/jbr/lib/modules
7f70f8000000-7f70f85e4000 rw-p 00000000 00:00 0 
7f70f85e4000-7f70fc000000 ---p 00000000 00:00 0 
7f70fc01a000-7f70fc0a8000 rw-p 00000000 00:00 0 
7f70fc0a8000-7f70fc187000 ---p 00000000 00:00 0 
7f70fc187000-7f70fc18e000 r-xp 00000000 00:1b 93249                      /home/jeka/Programms/idea-IU-211.7628.21/jbr/lib/libzip.so
7f70fc18e000-7f70fc38d000 ---p 00007000 00:1b 93249                      /home/jeka/Programms/idea-IU-211.7628.21/jbr/lib/libzip.so
7f70fc38d000-7f70fc38e000 r--p 00006000 00:1b 93249                      /home/jeka/Programms/idea-IU-211.7628.21/jbr/lib/libzip.so
7f70fc38e000-7f70fc38f000 rw-p 00000000 00:00 0 
7f70fc38f000-7f70fc392000 r--p 00000000 00:1b 27264                      /usr/lib/x86_64-linux-gnu/libnss_files-2.33.so
7f70fc392000-7f70fc39a000 r-xp 00003000 00:1b 27264                      /usr/lib/x86_64-linux-gnu/libnss_files-2.33.so
7f70fc39a000-7f70fc39c000 r--p 0000b000 00:1b 27264                      /usr/lib/x86_64-linux-gnu/libnss_files-2.33.so
7f70fc39c000-7f70fc39d000 r--p 0000c000 00:1b 27264                      /usr/lib/x86_64-linux-gnu/libnss_files-2.33.so
7f70fc39d000-7f70fc39e000 rw-p 0000d000 00:1b 27264                      /usr/lib/x86_64-linux-gnu/libnss_files-2.33.so
7f70fc39e000-7f70fc3a4000 rw-p 00000000 00:00 0 
7f70fc3ac000-7f70fc3b1000 rw-p 00000000 00:00 0 
7f70fc3b1000-7f70fc3b8000 ---p 00000000 00:00 0 
7f70fc3b8000-7f70fc3d3000 r-xp 00000000 00:1b 10392                      /home/jeka/Programms/idea-IU-211.7628.21/jbr/lib/libjimage.so
7f70fc3d3000-7f70fc5d3000 ---p 0001b000 00:1b 10392                      /home/jeka/Programms/idea-IU-211.7628.21/jbr/lib/libjimage.so
7f70fc5d3000-7f70fc5d5000 r--p 0001b000 00:1b 10392                      /home/jeka/Programms/idea-IU-211.7628.21/jbr/lib/libjimage.so
7f70fc5d5000-7f70fc5d6000 rw-p 0001d000 00:1b 10392                      /home/jeka/Programms/idea-IU-211.7628.21/jbr/lib/libjimage.so
7f70fc5d6000-7f70fc5ff000 r-xp 00000000 00:1b 93271                      /home/jeka/Programms/idea-IU-211.7628.21/jbr/lib/libjava.so
7f70fc5ff000-7f70fc7ff000 ---p 00029000 00:1b 93271                      /home/jeka/Programms/idea-IU-211.7628.21/jbr/lib/libjava.so
7f70fc7ff000-7f70fc800000 r--p 00029000 00:1b 93271                      /home/jeka/Programms/idea-IU-211.7628.21/jbr/lib/libjava.so
7f70fc800000-7f70fc801000 rw-p 0002a000 00:1b 93271                      /home/jeka/Programms/idea-IU-211.7628.21/jbr/lib/libjava.so
7f70fc801000-7f70fc802000 rw-p 00000000 00:00 0 
7f70fc802000-7f70fc80f000 r-xp 00000000 00:1b 93262                      /home/jeka/Programms/idea-IU-211.7628.21/jbr/lib/libverify.so
7f70fc80f000-7f70fca0e000 ---p 0000d000 00:1b 93262                      /home/jeka/Programms/idea-IU-211.7628.21/jbr/lib/libverify.so
7f70fca0e000-7f70fca10000 r--p 0000c000 00:1b 93262                      /home/jeka/Programms/idea-IU-211.7628.21/jbr/lib/libverify.so
7f70fca10000-7f70fca11000 rw-p 00000000 00:00 0 
7f70fca11000-7f70fca14000 r--p 00000000 00:1b 27508                      /usr/lib/x86_64-linux-gnu/librt-2.33.so
7f70fca14000-7f70fca18000 r-xp 00003000 00:1b 27508                      /usr/lib/x86_64-linux-gnu/librt-2.33.so
7f70fca18000-7f70fca1a000 r--p 00007000 00:1b 27508                      /usr/lib/x86_64-linux-gnu/librt-2.33.so
7f70fca1a000-7f70fca1b000 r--p 00008000 00:1b 27508                      /usr/lib/x86_64-linux-gnu/librt-2.33.so
7f70fca1b000-7f70fca1c000 rw-p 00009000 00:1b 27508                      /usr/lib/x86_64-linux-gnu/librt-2.33.so
7f70fca1c000-7f70fca20000 ---p 00000000 00:00 0 
7f70fca20000-7f70fcb1d000 rw-p 00000000 00:00 0 
7f70fcb1d000-7f70fcb2c000 r--p 00000000 00:1b 27112                      /usr/lib/x86_64-linux-gnu/libm-2.33.so
7f70fcb2c000-7f70fcbd2000 r-xp 0000f000 00:1b 27112                      /usr/lib/x86_64-linux-gnu/libm-2.33.so
7f70fcbd2000-7f70fcc69000 r--p 000b5000 00:1b 27112                      /usr/lib/x86_64-linux-gnu/libm-2.33.so
7f70fcc69000-7f70fcc6a000 r--p 0014b000 00:1b 27112                      /usr/lib/x86_64-linux-gnu/libm-2.33.so
7f70fcc6a000-7f70fcc6b000 rw-p 0014c000 00:1b 27112                      /usr/lib/x86_64-linux-gnu/libm-2.33.so
7f70fcc6b000-7f70fddad000 r-xp 00000000 00:1b 93269                      /home/jeka/Programms/idea-IU-211.7628.21/jbr/lib/server/libjvm.so
7f70fddad000-7f70fdfac000 ---p 01142000 00:1b 93269                      /home/jeka/Programms/idea-IU-211.7628.21/jbr/lib/server/libjvm.so
7f70fdfac000-7f70fe06f000 r--p 01141000 00:1b 93269                      /home/jeka/Programms/idea-IU-211.7628.21/jbr/lib/server/libjvm.so
7f70fe06f000-7f70fe0aa000 rw-p 01204000 00:1b 93269                      /home/jeka/Programms/idea-IU-211.7628.21/jbr/lib/server/libjvm.so
7f70fe0aa000-7f70fe103000 rw-p 00000000 00:00 0 
7f70fe103000-7f70fe129000 r--p 00000000 00:1b 26448                      /usr/lib/x86_64-linux-gnu/libc-2.33.so
7f70fe129000-7f70fe294000 r-xp 00026000 00:1b 26448                      /usr/lib/x86_64-linux-gnu/libc-2.33.so
7f70fe294000-7f70fe2e0000 r--p 00191000 00:1b 26448                      /usr/lib/x86_64-linux-gnu/libc-2.33.so
7f70fe2e0000-7f70fe2e3000 r--p 001dc000 00:1b 26448                      /usr/lib/x86_64-linux-gnu/libc-2.33.so
7f70fe2e3000-7f70fe2e6000 rw-p 001df000 00:1b 26448                      /usr/lib/x86_64-linux-gnu/libc-2.33.so
7f70fe2e6000-7f70fe2ef000 rw-p 00000000 00:00 0 
7f70fe2ef000-7f70fe2f1000 r--p 00000000 00:1b 26567                      /usr/lib/x86_64-linux-gnu/libdl-2.33.so
7f70fe2f1000-7f70fe2f3000 r-xp 00002000 00:1b 26567                      /usr/lib/x86_64-linux-gnu/libdl-2.33.so
7f70fe2f3000-7f70fe2f4000 r--p 00004000 00:1b 26567                      /usr/lib/x86_64-linux-gnu/libdl-2.33.so
7f70fe2f4000-7f70fe2f5000 r--p 00004000 00:1b 26567                      /usr/lib/x86_64-linux-gnu/libdl-2.33.so
7f70fe2f5000-7f70fe2f6000 rw-p 00005000 00:1b 26567                      /usr/lib/x86_64-linux-gnu/libdl-2.33.so
7f70fe2f6000-7f70fe305000 r-xp 00000000 00:1b 10368                      /home/jeka/Programms/idea-IU-211.7628.21/jbr/lib/jli/libjli.so
7f70fe305000-7f70fe504000 ---p 0000f000 00:1b 10368                      /home/jeka/Programms/idea-IU-211.7628.21/jbr/lib/jli/libjli.so
7f70fe504000-7f70fe505000 r--p 0000e000 00:1b 10368                      /home/jeka/Programms/idea-IU-211.7628.21/jbr/lib/jli/libjli.so
7f70fe505000-7f70fe506000 rw-p 0000f000 00:1b 10368                      /home/jeka/Programms/idea-IU-211.7628.21/jbr/lib/jli/libjli.so
7f70fe506000-7f70fe50d000 r--p 00000000 00:1b 27444                      /usr/lib/x86_64-linux-gnu/libpthread-2.33.so
7f70fe50d000-7f70fe51d000 r-xp 00007000 00:1b 27444                      /usr/lib/x86_64-linux-gnu/libpthread-2.33.so
7f70fe51d000-7f70fe522000 r--p 00017000 00:1b 27444                      /usr/lib/x86_64-linux-gnu/libpthread-2.33.so
7f70fe522000-7f70fe523000 r--p 0001b000 00:1b 27444                      /usr/lib/x86_64-linux-gnu/libpthread-2.33.so
7f70fe523000-7f70fe524000 rw-p 0001c000 00:1b 27444                      /usr/lib/x86_64-linux-gnu/libpthread-2.33.so
7f70fe524000-7f70fe528000 rw-p 00000000 00:00 0 
7f70fe528000-7f70fe52a000 r--p 00000000 00:1b 27924                      /usr/lib/x86_64-linux-gnu/libz.so.1.2.11
7f70fe52a000-7f70fe53b000 r-xp 00002000 00:1b 27924                      /usr/lib/x86_64-linux-gnu/libz.so.1.2.11
7f70fe53b000-7f70fe541000 r--p 00013000 00:1b 27924                      /usr/lib/x86_64-linux-gnu/libz.so.1.2.11
7f70fe541000-7f70fe542000 ---p 00019000 00:1b 27924                      /usr/lib/x86_64-linux-gnu/libz.so.1.2.11
7f70fe542000-7f70fe543000 r--p 00019000 00:1b 27924                      /usr/lib/x86_64-linux-gnu/libz.so.1.2.11
7f70fe543000-7f70fe544000 rw-p 0001a000 00:1b 27924                      /usr/lib/x86_64-linux-gnu/libz.so.1.2.11
7f70fe547000-7f70fe54e000 r--s 00000000 00:1b 28416                      /usr/lib/x86_64-linux-gnu/gconv/gconv-modules.cache
7f70fe54e000-7f70fe556000 rw-s 00000000 00:1b 716211                     /tmp/hsperfdata_root/44182
7f70fe556000-7f70fe557000 ---p 00000000 00:00 0 
7f70fe557000-7f70fe558000 r--p 00000000 00:00 0 
7f70fe558000-7f70fe55a000 rw-p 00000000 00:00 0 
7f70fe55a000-7f70fe55b000 r--p 00000000 00:1b 25681                      /usr/lib/x86_64-linux-gnu/ld-2.33.so
7f70fe55b000-7f70fe582000 r-xp 00001000 00:1b 25681                      /usr/lib/x86_64-linux-gnu/ld-2.33.so
7f70fe582000-7f70fe58c000 r--p 00028000 00:1b 25681                      /usr/lib/x86_64-linux-gnu/ld-2.33.so
7f70fe58c000-7f70fe58e000 r--p 00031000 00:1b 25681                      /usr/lib/x86_64-linux-gnu/ld-2.33.so
7f70fe58e000-7f70fe590000 rw-p 00033000 00:1b 25681                      /usr/lib/x86_64-linux-gnu/ld-2.33.so
7ffcf3b87000-7ffcf3ba8000 rw-p 00000000 00:00 0                          [stack]
7ffcf3bb8000-7ffcf3bbc000 r--p 00000000 00:00 0                          [vvar]
7ffcf3bbc000-7ffcf3bbe000 r-xp 00000000 00:00 0                          [vdso]
ffffffffff600000-ffffffffff601000 --xp 00000000 00:00 0                  [vsyscall]


VM Arguments:
jvm_args: -Djava.rmi.server.hostname=127.0.0.1 -Duser.timezone=UTC -Xmx2001m -Xms128m -Dfile.encoding=UTF-8 
java_command: com.intellij.database.remote.RemoteJdbcServer com.mysql.cj.jdbc.Driver
java_class_path (initial): /home/jeka/Programms/idea-IU-211.7628.21/lib/util.jar:/home/jeka/Programms/idea-IU-211.7628.21/lib/groovy-2.5.14.jar:/home/jeka/Programms/idea-IU-211.7628.21/plugins/DatabaseTools/lib/jdbc-console.jar:/root/.config/JetBrains/IntelliJIdea2021.2/jdbc-drivers/MySQL ConnectorJ/8.0.25/mysql-connector-java-8.0.25.jar
Launcher Type: SUN_STANDARD

[Global flags]
     intx CICompilerCount                          = 4                                         {product} {ergonomic}
     uint ConcGCThreads                            = 3                                         {product} {ergonomic}
     uint G1ConcRefinementThreads                  = 10                                        {product} {ergonomic}
   size_t G1HeapRegionSize                         = 1048576                                   {product} {ergonomic}
    uintx GCDrainStackTargetSize                   = 64                                        {product} {ergonomic}
   size_t InitialHeapSize                          = 134217728                                 {product} {command line}
   size_t MarkStackSize                            = 4194304                                   {product} {ergonomic}
   size_t MaxHeapSize                              = 2099249152                                {product} {command line, ergonomic}
   size_t MaxNewSize                               = 1259339776                                {product} {ergonomic}
   size_t MinHeapDeltaBytes                        = 1048576                                   {product} {ergonomic}
    uintx NonNMethodCodeHeapSize                   = 5836300                                {pd product} {ergonomic}
    uintx NonProfiledCodeHeapSize                  = 122910970                              {pd product} {ergonomic}
    uintx ProfiledCodeHeapSize                     = 122910970                              {pd product} {ergonomic}
    uintx ReservedCodeCacheSize                    = 251658240                              {pd product} {ergonomic}
     bool SegmentedCodeCache                       = true                                      {product} {ergonomic}
     bool UseCompressedClassPointers               = true                                 {lp64_product} {ergonomic}
     bool UseCompressedOops                        = true                                 {lp64_product} {ergonomic}
     bool UseG1GC                                  = true                                      {product} {ergonomic}

Logging:
Log output configuration:
 #0: stdout all=warning uptime,level,tags
 #1: stderr all=off uptime,level,tags

Environment Variables:
PATH=/usr/local/sbin:/usr/local/bin:/usr/sbin:/usr/bin:/sbin:/bin:/snap/bin
SHELL=/bin/bash
DISPLAY=:0
LANG=ru_RU.UTF-8

Signal Handlers:
SIGSEGV: [libjvm.so+0xe60da0], sa_mask[0]=11111111011111111101111111111110, sa_flags=SA_RESTART|SA_SIGINFO
SIGBUS: [libjvm.so+0xe60da0], sa_mask[0]=11111111011111111101111111111110, sa_flags=SA_RESTART|SA_SIGINFO
SIGFPE: [libjvm.so+0xe60da0], sa_mask[0]=11111111011111111101111111111110, sa_flags=SA_RESTART|SA_SIGINFO
SIGPIPE: [libjvm.so+0xbb3780], sa_mask[0]=11111111011111111101111111111110, sa_flags=SA_RESTART|SA_SIGINFO
SIGXFSZ: [libjvm.so+0xbb3780], sa_mask[0]=11111111011111111101111111111110, sa_flags=SA_RESTART|SA_SIGINFO
SIGILL: [libjvm.so+0xe60da0], sa_mask[0]=11111111011111111101111111111110, sa_flags=SA_RESTART|SA_SIGINFO
SIGUSR2: [libjvm.so+0xbb3610], sa_mask[0]=00100000000000000000000000000000, sa_flags=SA_RESTART|SA_SIGINFO
SIGHUP: SIG_IGN, sa_mask[0]=00000000000000000000000000000000, sa_flags=none
SIGINT: [libjvm.so+0xbb3ae0], sa_mask[0]=11111111011111111101111111111110, sa_flags=SA_RESTART|SA_SIGINFO
SIGTERM: [libjvm.so+0xbb3ae0], sa_mask[0]=11111111011111111101111111111110, sa_flags=SA_RESTART|SA_SIGINFO
SIGQUIT: [libjvm.so+0xbb3ae0], sa_mask[0]=11111111011111111101111111111110, sa_flags=SA_RESTART|SA_SIGINFO


---------------  S Y S T E M  ---------------

OS:DISTRIB_ID=Ubuntu
DISTRIB_RELEASE=21.04
DISTRIB_CODENAME=hirsute
DISTRIB_DESCRIPTION="Ubuntu 21.04"
uname:Linux 5.11.0-25-generic #27-Ubuntu SMP Fri Jul 9 23:06:29 UTC 2021 x86_64
OS uptime: 0 days 10:15 hours
libc:glibc 2.33 NPTL 2.33 
rlimit (soft/hard): STACK 8192k/infinity , CORE 0k/infinity , NPROC 63376/63376 , NOFILE 1048576/1048576 , AS infinity/infinity , CPU infinity/infinity , DATA infinity/infinity , FSIZE infinity/infinity , MEMLOCK 2049734k/2049734k
load average:15,32 4,77 2,45

/proc/meminfo:
MemTotal:       16397872 kB
MemFree:          523308 kB
MemAvailable:    7078308 kB
Buffers:            2084 kB
Cached:          7042204 kB
SwapCached:            0 kB
Active:          1811608 kB
Inactive:       13412272 kB
Active(anon):      11356 kB
Inactive(anon):  8468564 kB
Active(file):    1800252 kB
Inactive(file):  4943708 kB
Unevictable:           0 kB
Mlocked:               0 kB
SwapTotal:             0 kB
SwapFree:              0 kB
Dirty:                88 kB
Writeback:             0 kB
AnonPages:       8179784 kB
Mapped:           822144 kB
Shmem:            300172 kB
KReclaimable:     125028 kB
Slab:             301864 kB
SReclaimable:     125028 kB
SUnreclaim:       176836 kB
KernelStack:       27120 kB
PageTables:        78488 kB
NFS_Unstable:          0 kB
Bounce:                0 kB
WritebackTmp:          0 kB
CommitLimit:     8198936 kB
Committed_AS:   20639424 kB
VmallocTotal:   34359738367 kB
VmallocUsed:       56460 kB
VmallocChunk:          0 kB
Percpu:            22912 kB
HardwareCorrupted:     0 kB
AnonHugePages:         0 kB
ShmemHugePages:        0 kB
ShmemPmdMapped:        0 kB
FileHugePages:         0 kB
FilePmdMapped:         0 kB
HugePages_Total:       0
HugePages_Free:        0
HugePages_Rsvd:        0
HugePages_Surp:        0
Hugepagesize:       2048 kB
Hugetlb:               0 kB
DirectMap4k:     1469556 kB
DirectMap2M:    15257600 kB
DirectMap1G:     1048576 kB

/sys/kernel/mm/transparent_hugepage/enabled:
always [madvise] never
/sys/kernel/mm/transparent_hugepage/defrag (defrag/compaction efforts parameter):
always defer defer+madvise [madvise] never

Process Memory:
Virtual Size: 5746896K (peak: 5753416K)
Resident Set Size: 154940K (peak: 194764K) (anon: 126300K, file: 28640K, shmem: 0K)
Swapped out: 0K
C-Heap outstanding allocations: 10632K

/proc/sys/kernel/threads-max (system-wide limit on the number of threads):
126753
/proc/sys/vm/max_map_count (maximum number of memory map areas a process may have):
65530
/proc/sys/kernel/pid_max (system-wide limit on number of process identifiers):
4194304

container (cgroup) information:
container_type: cgroupv1
cpu_cpuset_cpus: 0-11
cpu_memory_nodes: 0
active_processor_count: 12
cpu_quota: -1
cpu_period: 100000
cpu_shares: -1
memory_limit_in_bytes: -1
memory_and_swap_limit_in_bytes: -1
memory_soft_limit_in_bytes: -1
memory_usage_in_bytes: 13959434240
memory_max_usage_in_bytes: 14119944192

Steal ticks since vm start: 0
Steal ticks percentage since vm start:  0,000

CPU:total 12 (initial active 12) (12 cores per cpu, 2 threads per core) family 23 model 8 stepping 2 microcode 0x800820d, cmov, cx8, fxsr, mmx, sse, sse2, sse3, ssse3, sse4.1, sse4.2, popcnt, avx, avx2, aes, clmul, mmxext, 3dnowpref, lzcnt, sse4a, ht, tsc, tscinvbit, tscinv, bmi1, bmi2, 
CPU Model and flags from /proc/cpuinfo:
model name	: AMD Ryzen 5 2600 Six-Core Processor
flags		: fpu vme de pse tsc msr pae mce cx8 apic sep mtrr pge mca cmov pat pse36 clflush mmx fxsr sse sse2 ht syscall nx mmxext fxsr_opt pdpe1gb rdtscp lm constant_tsc rep_good nopl nonstop_tsc cpuid extd_apicid aperfmperf pni pclmulqdq monitor ssse3 fma cx16 sse4_1 sse4_2 movbe popcnt aes xsave avx f16c rdrand lahf_lm cmp_legacy svm extapic cr8_legacy abm sse4a misalignsse 3dnowprefetch osvw skinit wdt tce topoext perfctr_core perfctr_nb bpext perfctr_llc mwaitx cpb hw_pstate sme ssbd sev ibpb vmmcall sev_es fsgsbase bmi1 avx2 smep bmi2 rdseed adx smap clflushopt sha_ni xsaveopt xsavec xgetbv1 xsaves clzero irperf xsaveerptr arat npt lbrv svm_lock nrip_save tsc_scale vmcb_clean flushbyasid decodeassists pausefilter pfthreshold avic v_vmsave_vmload vgif overflow_recov succor smca
Online cpus:
0-11
Offline cpus:
12-31
BIOS frequency limitation:
3400000
Frequency switch latency (ns):
0
Available cpu frequencies:
3400000 2800000 1550000 
Current governor:
schedutil
Core performance/turbo boost:
1

Memory: 4k page, physical 16397872k(523308k free), swap 0k(0k free)

vm_info: OpenJDK 64-Bit Server VM (11.0.11+9-b1504.13) for linux-amd64 JRE (11.0.11+9-b1504.13), built on Jul 17 2021 23:52:09 by "" with gcc 8.3.1 20190311 (Red Hat 8.3.1-3)

END.
